<?xml version="1.0" encoding="UTF-8"?>
<!-- Generated by org.testng.reporters.JUnitReportReporter -->
<testsuite hostname="ZaigoPC" failures="0" tests="4" name="org.recircle.test.PurchaseOrderCreation" time="78.349" errors="0" timestamp="2023-06-15T22:51:05 IST" skipped="0">
  <testcase classname="org.recircle.test.PurchaseOrderCreation" name="Login" time="16.643"/>
  <testcase classname="org.recircle.test.PurchaseOrderCreation" name="AddPo" time="1.045"/>
  <testcase classname="org.recircle.test.PurchaseOrderCreation" name="ClickPo" time="14.749"/>
  <testcase classname="org.recircle.test.PurchaseOrderCreation" name="resgistration" time="45.912"/>
</testsuite> <!-- org.recircle.test.PurchaseOrderCreation -->
