<?xml version="1.0" encoding="UTF-8"?>
<!-- Generated by org.testng.reporters.JUnitReportReporter -->
<testsuite hostname="DESKTOP-5M7AM2E" failures="0" tests="4" name="org.recircle.test.PurchaseOrderCreation" time="22.712" errors="0" timestamp="2023-06-15T17:13:50 IST" skipped="0">
  <testcase classname="org.recircle.test.PurchaseOrderCreation" name="Login" time="11.120"/>
  <system-out/>
  <testcase classname="org.recircle.test.PurchaseOrderCreation" name="AddPo" time="1.014"/>
  <system-out/>
  <testcase classname="org.recircle.test.PurchaseOrderCreation" name="ClickPo" time="3.190"/>
  <system-out/>
  <testcase classname="org.recircle.test.PurchaseOrderCreation" name="resgistration" time="7.388"/>
  <system-out/>
</testsuite> <!-- org.recircle.test.PurchaseOrderCreation -->
