<?xml version="1.0" encoding="UTF-8"?>
<!-- Generated by org.testng.reporters.JUnitReportReporter -->
<<<<<<< HEAD
<testsuite hostname="ZaigoPC" failures="0" tests="4" name="org.recircle.test.PurchaseOrderCreation" time="40.954" errors="0" timestamp="2023-06-15T19:20:06 IST" skipped="0">
  <testcase classname="org.recircle.test.PurchaseOrderCreation" name="Login" time="16.938"/>
  <testcase classname="org.recircle.test.PurchaseOrderCreation" name="AddPo" time="1.271"/>
  <testcase classname="org.recircle.test.PurchaseOrderCreation" name="ClickPo" time="7.251"/>
  <testcase classname="org.recircle.test.PurchaseOrderCreation" name="resgistration" time="15.494"/>
=======
<testsuite hostname="DESKTOP-5M7AM2E" failures="0" tests="4" name="org.recircle.test.PurchaseOrderCreation" time="26.639" errors="0" timestamp="2023-06-15T19:20:51 IST" skipped="0">
  <testcase classname="org.recircle.test.PurchaseOrderCreation" name="Login" time="15.243"/>
  <system-out/>
  <testcase classname="org.recircle.test.PurchaseOrderCreation" name="AddPo" time="1.053"/>
  <system-out/>
  <testcase classname="org.recircle.test.PurchaseOrderCreation" name="ClickPo" time="3.158"/>
  <system-out/>
  <testcase classname="org.recircle.test.PurchaseOrderCreation" name="resgistration" time="7.185"/>
  <system-out/>
>>>>>>> 5a26fccccaa32fd05ce1c748227c949ad5170723
</testsuite> <!-- org.recircle.test.PurchaseOrderCreation -->
