<?xml version="1.0" encoding="UTF-8"?>
<!-- Generated by org.testng.reporters.JUnitReportReporter -->
<testsuite hostname="ZaigoPC" failures="0" tests="1" name="org.recircle.test.CollectionPartner" time="2.725" errors="0" timestamp="2023-06-14T12:00:45 IST" skipped="0">
  <testcase classname="org.recircle.test.CollectionPartner" name="Login" time="2.725"/>
</testsuite> <!-- org.recircle.test.CollectionPartner -->
