<?xml version="1.0" encoding="UTF-8"?>
<!-- Generated by org.testng.reporters.JUnitReportReporter -->
<testsuite hostname="DESKTOP-5M7AM2E" failures="0" tests="4" name="org.recircle.test.PurchaseOrderCreation" time="26.639" errors="0" timestamp="2023-06-15T19:20:51 IST" skipped="0">
  <testcase classname="org.recircle.test.PurchaseOrderCreation" name="Login" time="15.243"/>
  <system-out/>
  <testcase classname="org.recircle.test.PurchaseOrderCreation" name="AddPo" time="1.053"/>
  <system-out/>
  <testcase classname="org.recircle.test.PurchaseOrderCreation" name="ClickPo" time="3.158"/>
  <system-out/>
  <testcase classname="org.recircle.test.PurchaseOrderCreation" name="resgistration" time="7.185"/>
  <system-out/>
</testsuite> <!-- org.recircle.test.PurchaseOrderCreation -->
