<?xml version="1.0" encoding="UTF-8"?>
<!-- Generated by org.testng.reporters.JUnitReportReporter -->
<testsuite hostname="DESKTOP-5M7AM2E" failures="0" tests="4" name="org.recircle.test.PurchaseOrderCreation" time="19.533" errors="0" timestamp="2023-06-15T19:38:10 IST" skipped="0">
  <testcase classname="org.recircle.test.PurchaseOrderCreation" name="Login" time="9.706"/>
  <system-out/>
  <testcase classname="org.recircle.test.PurchaseOrderCreation" name="AddPo" time="1.014"/>
  <system-out/>
  <testcase classname="org.recircle.test.PurchaseOrderCreation" name="ClickPo" time="2.716"/>
  <system-out/>
  <testcase classname="org.recircle.test.PurchaseOrderCreation" name="resgistration" time="6.097"/>
  <system-out/>
</testsuite> <!-- org.recircle.test.PurchaseOrderCreation -->
