<?xml version="1.0" encoding="UTF-8"?>
<!-- Generated by org.testng.reporters.JUnitReportReporter -->
<testsuite hostname="ZaigoPC" failures="0" tests="3" name="org.recircle.test.CollectionPartner" time="29.705" errors="0" timestamp="2023-06-14T15:44:20 IST" skipped="0">
  <testcase classname="org.recircle.test.CollectionPartner" name="Login" time="22.107"/>
  <testcase classname="org.recircle.test.CollectionPartner" name="AddPo" time="1.494"/>
  <testcase classname="org.recircle.test.CollectionPartner" name="ClickPo" time="6.104"/>
</testsuite> <!-- org.recircle.test.CollectionPartner -->
