<?xml version="1.0" encoding="UTF-8"?>
<!-- Generated by org.testng.reporters.JUnitReportReporter -->
<testsuite hostname="ZaigoPC" failures="0" tests="4" name="org.recircle.test.PurchaseOrderCreation" time="110.110" errors="0" timestamp="2023-06-16T16:56:53 IST" skipped="0">
  <testcase classname="org.recircle.test.PurchaseOrderCreation" name="Login" time="11.126"/>
  <testcase classname="org.recircle.test.PurchaseOrderCreation" name="AddPo" time="1.077"/>
  <testcase classname="org.recircle.test.PurchaseOrderCreation" name="ClickPo" time="3.219"/>
  <testcase classname="org.recircle.test.PurchaseOrderCreation" name="resgistration" time="94.688"/>
</testsuite> <!-- org.recircle.test.PurchaseOrderCreation -->
